


          SolidWorks Corporation - STEP Processor Error Log
          ______________________________________________________

                       STEP Post Processor
                       ___________________


STEP File Name: D:\Projektek\JCB_SolderingStation\3D\JBC_SolderingIron.step


Surfaces successfully processed into a solid body.
STEP-in completed.Surfaces successfully processed into a solid body.
STEP-in completed.Surfaces successfully processed into a solid body.
STEP-in completed.Surfaces successfully processed into a solid body.
STEP-in completed.Surfaces successfully processed into a solid body.
STEP-in completed.Surfaces successfully processed into a solid body.
STEP-in completed.Surfaces successfully processed into a solid body.
STEP-in completed.Surfaces successfully processed into a solid body.
STEP-in completed.Surfaces successfully processed into a solid body.
STEP-in completed.Surfaces successfully processed into a solid body.
STEP-in completed.Surfaces successfully processed into a solid body.
STEP-in completed.Surfaces successfully processed into a solid body.
STEP-in completed.Surfaces successfully processed into a solid body.
STEP-in completed.Surfaces successfully processed into a solid body.
STEP-in completed.Surfaces successfully processed into a solid body.
STEP-in completed.Surfaces successfully processed into a solid body.
STEP-in completed.Surfaces successfully processed into a solid body.
STEP-in completed.Surfaces successfully processed into a solid body.
STEP-in completed.Surfaces successfully processed into a solid body.
STEP-in completed.Surfaces successfully processed into a solid body.
STEP-in completed.Surfaces successfully processed into a solid body.
STEP-in completed.Surfaces successfully processed into a solid body.
STEP-in completed.WARNING: Surface problem...Trimmed surface constructor could not converge to solution.
WARNING: Surface problem...Trimmed surface constructor could not converge to solution.
WARNING: Surface problem...Trimmed surface constructor could not converge to solution.
WARNING: Surface problem...Trimmed surface constructor could not converge to solution.
WARNING: Surface problem...Trimmed surface constructor could not converge to solution.
WARNING: Surface problem...Trimmed surface constructor could not converge to solution.
WARNING: Surface problem...Trimmed surface constructor could not converge to solution.
WARNING: Surface problem...Trimmed surface constructor could not converge to solution.
Surfaces successfully processed into a solid body.
STEP-in completed.WARNING: Surface problem...Trimmed surface constructor could not converge to solution.
WARNING: Surface problem...Trimmed surface constructor could not converge to solution.
WARNING: Surface problem...Trimmed surface constructor could not converge to solution.
WARNING: Surface problem...Trimmed surface constructor could not converge to solution.
WARNING: Surface problem...Trimmed surface constructor could not converge to solution.
WARNING: Surface problem...Trimmed surface constructor could not converge to solution.
WARNING: Surface problem...Trimmed surface constructor could not converge to solution.
WARNING: Surface problem...Trimmed surface constructor could not converge to solution.
WARNING: Surface problem...Trimmed surface constructor could not converge to solution.
WARNING: Surface problem...Trimmed surface constructor could not converge to solution.
WARNING: Surface problem...Trimmed surface constructor could not converge to solution.
WARNING: Surface problem...Trimmed surface constructor could not converge to solution.
Surfaces successfully processed into a solid body.
STEP-in completed.Surfaces successfully processed into a solid body.
STEP-in completed.Surfaces successfully processed into a solid body.
STEP-in completed.Surfaces successfully processed into a solid body.
STEP-in completed.Surfaces successfully processed into a solid body.
STEP-in completed.Surfaces successfully processed into a solid body.
STEP-in completed.Surfaces successfully processed into a solid body.
STEP-in completed.Surfaces successfully processed into a solid body.
STEP-in completed.Surfaces successfully processed into a solid body.
STEP-in completed.Surfaces successfully processed into a solid body.
STEP-in completed.Surfaces successfully processed into a solid body.
STEP-in completed.Surfaces successfully processed into a solid body.
STEP-in completed.Surfaces successfully processed into a solid body.
STEP-in completed.Surfaces successfully processed into a solid body.
STEP-in completed.Surfaces successfully processed into a solid body.
STEP-in completed.Surfaces successfully processed into a solid body.
STEP-in completed.Surfaces successfully processed into a solid body.
STEP-in completed.Surfaces successfully processed into a solid body.
STEP-in completed.Surfaces successfully processed into a solid body.
STEP-in completed.Surfaces successfully processed into a solid body.
STEP-in completed.Surfaces successfully processed into a solid body.
STEP-in completed.Surfaces successfully processed into a solid body.
STEP-in completed.Surfaces successfully processed into a solid body.
STEP-in completed.Surfaces successfully processed into a solid body.
STEP-in completed.Surfaces successfully processed into a solid body.
STEP-in completed.Surfaces successfully processed into a solid body.
STEP-in completed.Surfaces successfully processed into a solid body.
STEP-in completed.Surfaces successfully processed into a solid body.
STEP-in completed.Surfaces successfully processed into a solid body.
STEP-in completed.Surfaces successfully processed into a solid body.
STEP-in completed.Surfaces successfully processed into a solid body.
STEP-in completed.Surfaces successfully processed into a solid body.
STEP-in completed.Surfaces successfully processed into a solid body.
STEP-in completed.Surfaces successfully processed into a solid body.
STEP-in completed.Surfaces successfully processed into a solid body.
STEP-in completed.Surfaces successfully processed into a solid body.
STEP-in completed.Surfaces successfully processed into a solid body.
STEP-in completed.Surfaces successfully processed into a solid body.
STEP-in completed.Surfaces successfully processed into a solid body.
STEP-in completed.Surfaces successfully processed into a solid body.
STEP-in completed.Surfaces successfully processed into a solid body.
STEP-in completed.Surfaces successfully processed into a solid body.
STEP-in completed.Surfaces successfully processed into a solid body.
STEP-in completed.Surfaces successfully processed into a solid body.
STEP-in completed.Surfaces successfully processed into a solid body.
STEP-in completed.Surfaces successfully processed into a solid body.
STEP-in completed.Surfaces successfully processed into a solid body.
STEP-in completed.Surfaces successfully processed into a solid body.
STEP-in completed.Surfaces successfully processed into a solid body.
STEP-in completed.Surfaces successfully processed into a solid body.
STEP-in completed.Surfaces successfully processed into a solid body.
STEP-in completed.Surfaces successfully processed into a solid body.
STEP-in completed.Surfaces successfully processed into a solid body.
STEP-in completed.Surfaces successfully processed into a solid body.
STEP-in completed.Surfaces successfully processed into a solid body.
STEP-in completed.Surfaces successfully processed into a solid body.
STEP-in completed.Surfaces successfully processed into a solid body.
STEP-in completed.Surfaces successfully processed into a solid body.
STEP-in completed.Surfaces successfully processed into a solid body.
STEP-in completed.Surfaces successfully processed into a solid body.
STEP-in completed.Surfaces successfully processed into a solid body.
STEP-in completed.Surfaces successfully processed into a solid body.
STEP-in completed.Surfaces successfully processed into a solid body.
STEP-in completed.Surfaces successfully processed into a solid body.
STEP-in completed.Surfaces successfully processed into a solid body.
STEP-in completed.Surfaces successfully processed into a solid body.
STEP-in completed.Surfaces successfully processed into a solid body.
STEP-in completed.Surfaces successfully processed into a solid body.
STEP-in completed.Surfaces successfully processed into a solid body.
STEP-in completed.Surfaces successfully processed into a solid body.
STEP-in completed.Surfaces successfully processed into a solid body.
STEP-in completed.Surfaces successfully processed into a solid body.
STEP-in completed.Surfaces successfully processed into a solid body.
STEP-in completed.Surfaces successfully processed into a solid body.
STEP-in completed.Surfaces successfully processed into a solid body.
STEP-in completed.Surfaces successfully processed into a solid body.
STEP-in completed.Surfaces successfully processed into a solid body.
STEP-in completed.Surfaces successfully processed into a solid body.
STEP-in completed.Surfaces successfully processed into a solid body.
STEP-in completed.Surfaces successfully processed into a solid body.
STEP-in completed.Surfaces successfully processed into a solid body.
STEP-in completed.Surfaces successfully processed into a solid body.
STEP-in completed.Surfaces successfully processed into a solid body.
STEP-in completed.Surfaces successfully processed into a solid body.
STEP-in completed.Surfaces successfully processed into a solid body.
STEP-in completed.Surfaces successfully processed into a solid body.
STEP-in completed.Surfaces successfully processed into a solid body.
STEP-in completed.Surfaces successfully processed into a solid body.
STEP-in completed.Surfaces successfully processed into a solid body.
STEP-in completed.Surfaces successfully processed into a solid body.
STEP-in completed.Surfaces successfully processed into a solid body.
STEP-in completed.Surfaces successfully processed into a solid body.
STEP-in completed.Surfaces successfully processed into a solid body.
STEP-in completed.Surfaces successfully processed into a solid body.
STEP-in completed.Surfaces successfully processed into a solid body.
STEP-in completed.Surfaces successfully processed into a solid body.
STEP-in completed.Surfaces successfully processed into a solid body.
STEP-in completed.Surfaces successfully processed into a solid body.
STEP-in completed.Surfaces successfully processed into a solid body.
STEP-in completed.Surfaces successfully processed into a solid body.
STEP-in completed.Surfaces successfully processed into a solid body.
STEP-in completed.Surfaces successfully processed into a solid body.
STEP-in completed.Surfaces successfully processed into a solid body.
STEP-in completed.Surfaces successfully processed into a solid body.
STEP-in completed.Surfaces successfully processed into a solid body.
STEP-in completed.Surfaces successfully processed into a solid body.
STEP-in completed.Surfaces successfully processed into a solid body.
STEP-in completed.Surfaces successfully processed into a solid body.
STEP-in completed.Surfaces successfully processed into a solid body.
STEP-in completed.Surfaces successfully processed into a solid body.
STEP-in completed.Surfaces successfully processed into a solid body.
STEP-in completed.
Error: Unable to create solid from trimmed surfaces.
STEP-in did not complete successfully.
Surfaces successfully processed into a solid body.
STEP-in completed.
Error: Unable to create solid from trimmed surfaces.
STEP-in did not complete successfully.
Surfaces successfully processed into a solid body.
STEP-in completed.Surfaces successfully processed into a solid body.
STEP-in completed.
Error: Unable to create solid from trimmed surfaces.
STEP-in did not complete successfully.
Surfaces successfully processed into a solid body.
STEP-in completed.
Error: Unable to create solid from trimmed surfaces.
STEP-in did not complete successfully.
Surfaces successfully processed into a solid body.
STEP-in completed.Surfaces successfully processed into a solid body.
STEP-in completed.Surfaces successfully processed into a solid body.
STEP-in completed.Surfaces successfully processed into a solid body.
STEP-in completed.Surfaces successfully processed into a solid body.
STEP-in completed.Surfaces successfully processed into a solid body.
STEP-in completed.Surfaces successfully processed into a solid body.
STEP-in completed.Surfaces successfully processed into a solid body.
STEP-in completed.Surfaces successfully processed into a solid body.
STEP-in completed.Surfaces successfully processed into a solid body.
STEP-in completed.Surfaces successfully processed into a solid body.
STEP-in completed.Surfaces successfully processed into a solid body.
STEP-in completed.WARNING: Surface problem...Trimmed surface constructor could not converge to solution.
WARNING: Surface problem...Trimmed surface constructor could not converge to solution.
WARNING: Surface problem...Trimmed surface constructor could not converge to solution.
WARNING: Surface problem...Trimmed surface constructor could not converge to solution.
Surfaces successfully processed into a solid body.
STEP-in completed.Surfaces successfully processed into a solid body.
STEP-in completed.Surfaces successfully processed into a solid body.
STEP-in completed.Surfaces successfully processed into a solid body.
STEP-in completed.Surfaces successfully processed into a solid body.
STEP-in completed.Surfaces successfully processed into a solid body.
STEP-in completed.Surfaces successfully processed into a solid body.
STEP-in completed.Surfaces successfully processed into a solid body.
STEP-in completed.Surfaces successfully processed into a solid body.
STEP-in completed.Surfaces successfully processed into a solid body.
STEP-in completed.Surfaces successfully processed into a solid body.
STEP-in completed.Surfaces successfully processed into a solid body.
STEP-in completed.Surfaces successfully processed into a solid body.
STEP-in completed.Surfaces successfully processed into a solid body.
STEP-in completed.Surfaces successfully processed into a solid body.
STEP-in completed.Surfaces successfully processed into a solid body.
STEP-in completed.Surfaces successfully processed into a solid body.
STEP-in completed.Surfaces successfully processed into a solid body.
STEP-in completed.Surfaces successfully processed into a solid body.
STEP-in completed.Surfaces successfully processed into a solid body.
STEP-in completed.Surfaces successfully processed into a solid body.
STEP-in completed.Surfaces successfully processed into a solid body.
STEP-in completed.Surfaces successfully processed into a solid body.
STEP-in completed.Surfaces successfully processed into a solid body.
STEP-in completed.Surfaces successfully processed into a solid body.
STEP-in completed.Surfaces successfully processed into a solid body.
STEP-in completed.